<configuration>
    <appender class="ch.qos.logback.core.ConsoleAppender" name="STDOUT">
        <encoder>
            <pattern>%-4r [%t] %-5p %c - %m%n</pattern>
        </encoder>
    </appender>
    <appender class="ch.qos.logback.core.FileAppender" name="FILE">
        <file>./target/logs/recipes-parallel.log</file>
        <append/>
        <encoder>
            <pattern>%-4r [%t] %-5p %c - %m%n</pattern>
        </encoder>
    </appender>
    <logger level="DEBUG" name="ru.taskurotta"/>
    <logger level="OFF" name="org.springframework"/>
    <root>
        <appender-ref ref="STDOUT"/>
        <appender-ref ref="FILE"/>
    </root>
</configuration>